2024-08-20 00:02:51,166  INFO: 主引擎创建成功
2024-08-20 00:02:51,166  INFO: 注册日志事件监听
2024-08-20 00:02:51,167  INFO: REST API启动成功
2024-08-20 00:02:51,171  INFO: 连接CTP接口
2024-08-20 00:02:51,176  INFO: 公共频道触发异常，类型：<class 'RuntimeError'>，信息：Task <Task pending name='Task-3' coro=<WebsocketClient._run() running at /Users/chenhui/Book/Code/Python/VNPY/venv/lib/python3.10/site-packages/vnpy_websocket/websocket_client.py:193> cb=[_chain_future.<locals>._call_set_state() at /usr/local/Cellar/python@3.10/3.10.13_2/Frameworks/Python.framework/Versions/3.10/lib/python3.10/asyncio/futures.py:392]> got Future <Future pending> attached to a different loop
2024-08-20 00:02:51,186  INFO: 公共频道触发异常，类型：<class 'RuntimeError'>，信息：await wasn't used with future
2024-08-20 00:02:51,187  INFO: 公共频道触发异常，类型：<class 'RuntimeError'>，信息：await wasn't used with future
2024-08-20 00:02:51,189  INFO: 公共频道触发异常，类型：<class 'RuntimeError'>，信息：await wasn't used with future
2024-08-20 00:02:51,191  INFO: 公共频道触发异常，类型：<class 'RuntimeError'>，信息：await wasn't used with future
2024-08-20 00:02:51,192  INFO: 公共频道触发异常，类型：<class 'RuntimeError'>，信息：await wasn't used with future
2024-08-20 00:02:51,501  INFO: 委托信息查询成功
2024-08-20 00:02:51,508  INFO: FUTURES合约信息查询成功
2024-08-20 00:02:51,539  INFO: 服务器时间：2024-08-20 00:02:51.463000，本机时间：2024-08-20 00:02:51.539491
2024-08-20 00:02:51,582  INFO: Websocket Public API连接成功
2024-08-20 00:02:51,666  INFO: SWAP合约信息查询成功
2024-08-20 00:02:51,704  INFO: SPOT合约信息查询成功
2024-08-20 00:02:52,197  INFO: CTA策略引擎初始化成功
2024-08-20 00:02:52,198  INFO: CTA策略初始化完成
2024-08-20 00:02:52,198  INFO: AAA开始执行初始化
2024-08-20 00:02:52,199  INFO: [AAA]  策略初始化5
2024-08-20 00:02:52,330  INFO: 获取历史数据成功，BTC-USDT-SWAP - 1m，2024-08-19 22:23:00+08:00 - 2024-08-20 00:02:00+08:00
2024-08-20 00:02:52,442  INFO: 获取历史数据成功，BTC-USDT-SWAP - 1m，2024-08-19 20:43:00+08:00 - 2024-08-19 22:22:00+08:00
2024-08-20 00:02:52,555  INFO: 获取历史数据成功，BTC-USDT-SWAP - 1m，2024-08-19 19:03:00+08:00 - 2024-08-19 20:42:00+08:00
2024-08-20 00:02:52,677  INFO: 获取历史数据成功，BTC-USDT-SWAP - 1m，2024-08-19 17:23:00+08:00 - 2024-08-19 19:02:00+08:00
2024-08-20 00:02:52,796  INFO: 获取历史数据成功，BTC-USDT-SWAP - 1m，2024-08-19 15:43:00+08:00 - 2024-08-19 17:22:00+08:00
2024-08-20 00:02:52,924  INFO: 获取历史数据成功，BTC-USDT-SWAP - 1m，2024-08-19 14:03:00+08:00 - 2024-08-19 15:42:00+08:00
2024-08-20 00:02:53,047  INFO: 获取历史数据成功，BTC-USDT-SWAP - 1m，2024-08-19 12:23:00+08:00 - 2024-08-19 14:02:00+08:00
2024-08-20 00:02:53,161  INFO: 获取历史数据成功，BTC-USDT-SWAP - 1m，2024-08-19 10:43:00+08:00 - 2024-08-19 12:22:00+08:00
2024-08-20 00:02:53,284  INFO: 获取历史数据成功，BTC-USDT-SWAP - 1m，2024-08-19 09:03:00+08:00 - 2024-08-19 10:42:00+08:00
2024-08-20 00:02:53,492  INFO: Websocket Private API连接成功
2024-08-20 00:02:53,586  INFO: Websocket Private API登录成功
2024-08-20 00:02:53,718  INFO: 获取历史数据成功，BTC-USDT-SWAP - 1m，2024-08-19 07:23:00+08:00 - 2024-08-19 09:02:00+08:00
2024-08-20 00:02:53,835  INFO: 获取历史数据成功，BTC-USDT-SWAP - 1m，2024-08-19 05:43:00+08:00 - 2024-08-19 07:22:00+08:00
2024-08-20 00:02:53,952  INFO: 获取历史数据成功，BTC-USDT-SWAP - 1m，2024-08-19 04:03:00+08:00 - 2024-08-19 05:42:00+08:00
2024-08-20 00:02:54,137  INFO: 获取历史数据成功，BTC-USDT-SWAP - 1m，2024-08-19 02:23:00+08:00 - 2024-08-19 04:02:00+08:00
2024-08-20 00:02:54,263  INFO: 获取历史数据成功，BTC-USDT-SWAP - 1m，2024-08-19 00:43:00+08:00 - 2024-08-19 02:22:00+08:00
2024-08-20 00:02:54,373  INFO: 获取历史数据成功，BTC-USDT-SWAP - 1m，2024-08-19 00:03:00+08:00 - 2024-08-19 00:42:00+08:00
2024-08-20 00:02:54,400  INFO: AAA初始化完成
2024-08-20 00:02:54,401  INFO: BBB开始执行初始化
2024-08-20 00:02:54,401  INFO: [BBB]  策略初始化5
2024-08-20 00:02:54,533  INFO: 获取历史数据成功，ETH-USDT-SWAP - 1m，2024-08-19 22:23:00+08:00 - 2024-08-20 00:02:00+08:00
2024-08-20 00:02:54,651  INFO: 获取历史数据成功，ETH-USDT-SWAP - 1m，2024-08-19 20:43:00+08:00 - 2024-08-19 22:22:00+08:00
2024-08-20 00:02:55,006  INFO: 获取历史数据成功，ETH-USDT-SWAP - 1m，2024-08-19 19:03:00+08:00 - 2024-08-19 20:42:00+08:00
2024-08-20 00:02:55,195  INFO: 获取历史数据成功，ETH-USDT-SWAP - 1m，2024-08-19 17:23:00+08:00 - 2024-08-19 19:02:00+08:00
2024-08-20 00:02:55,308  INFO: 获取历史数据成功，ETH-USDT-SWAP - 1m，2024-08-19 15:43:00+08:00 - 2024-08-19 17:22:00+08:00
2024-08-20 00:02:55,424  INFO: 获取历史数据成功，ETH-USDT-SWAP - 1m，2024-08-19 14:03:00+08:00 - 2024-08-19 15:42:00+08:00
2024-08-20 00:02:55,548  INFO: 获取历史数据成功，ETH-USDT-SWAP - 1m，2024-08-19 12:23:00+08:00 - 2024-08-19 14:02:00+08:00
2024-08-20 00:02:55,666  INFO: 获取历史数据成功，ETH-USDT-SWAP - 1m，2024-08-19 10:43:00+08:00 - 2024-08-19 12:22:00+08:00
2024-08-20 00:02:55,793  INFO: 获取历史数据成功，ETH-USDT-SWAP - 1m，2024-08-19 09:03:00+08:00 - 2024-08-19 10:42:00+08:00
2024-08-20 00:02:55,938  INFO: 获取历史数据成功，ETH-USDT-SWAP - 1m，2024-08-19 07:23:00+08:00 - 2024-08-19 09:02:00+08:00
2024-08-20 00:02:56,063  INFO: 获取历史数据成功，ETH-USDT-SWAP - 1m，2024-08-19 05:43:00+08:00 - 2024-08-19 07:22:00+08:00
2024-08-20 00:02:56,503  INFO: 获取历史数据成功，ETH-USDT-SWAP - 1m，2024-08-19 04:03:00+08:00 - 2024-08-19 05:42:00+08:00
2024-08-20 00:02:56,619  INFO: 获取历史数据成功，ETH-USDT-SWAP - 1m，2024-08-19 02:23:00+08:00 - 2024-08-19 04:02:00+08:00
2024-08-20 00:02:56,813  INFO: 获取历史数据成功，ETH-USDT-SWAP - 1m，2024-08-19 00:43:00+08:00 - 2024-08-19 02:22:00+08:00
2024-08-20 00:02:56,930  INFO: 获取历史数据成功，ETH-USDT-SWAP - 1m，2024-08-19 00:03:00+08:00 - 2024-08-19 00:42:00+08:00
2024-08-20 00:02:56,958  INFO: BBB初始化完成
2024-08-20 00:03:22,202  INFO: CTA策略全部初始化
2024-08-20 00:03:22,203  INFO: [AAA]  策略启动
2024-08-20 00:03:22,203  INFO: [BBB]  策略启动
2024-08-20 00:03:22,203  INFO: CTA策略全部启动
